This is XeTeX, Version 3.141592653-2.6-0.999994 (TeX Live 2022) (preloaded format=xelatex 2022.6.8)  8 AUG 2022 14:52
entering extended mode
 restricted \write18 enabled.
 %&-line parsing enabled.
**csu-impactb.tex
(./csu-impactb.tex
LaTeX2e <2021-11-15> patch level 1
L3 programming layer <2022-06-02> (/Users/pablo/Library/TinyTeX/texmf-dist/tex/latex/base/book.cls
Document Class: book 2021/10/04 v1.4n Standard LaTeX document class
(/Users/pablo/Library/TinyTeX/texmf-dist/tex/latex/base/bk10.clo
File: bk10.clo 2021/10/04 v1.4n Standard LaTeX file (size option)
)
\c@part=\count181
\c@chapter=\count182
\c@section=\count183
\c@subsection=\count184
\c@subsubsection=\count185
\c@paragraph=\count186
\c@subparagraph=\count187
\c@figure=\count188
\c@table=\count189
\abovecaptionskip=\skip47
\belowcaptionskip=\skip48
\bibindent=\dimen138
) (/Users/pablo/Library/TinyTeX/texmf-dist/tex/latex/amsmath/amsmath.sty
Package: amsmath 2021/10/15 v2.17l AMS math features
\@mathmargin=\skip49
For additional information on amsmath, use the `?' option.
(/Users/pablo/Library/TinyTeX/texmf-dist/tex/latex/amsmath/amstext.sty
Package: amstext 2021/08/26 v2.01 AMS text
(/Users/pablo/Library/TinyTeX/texmf-dist/tex/latex/amsmath/amsgen.sty
File: amsgen.sty 1999/11/30 v2.0 generic functions
\@emptytoks=\toks16
\ex@=\dimen139
)) (/Users/pablo/Library/TinyTeX/texmf-dist/tex/latex/amsmath/amsbsy.sty
Package: amsbsy 1999/11/29 v1.2d Bold Symbols
\pmbraise@=\dimen140
) (/Users/pablo/Library/TinyTeX/texmf-dist/tex/latex/amsmath/amsopn.sty
Package: amsopn 2021/08/26 v2.02 operator names
)
\inf@bad=\count190
LaTeX Info: Redefining \frac on input line 234.
\uproot@=\count191
\leftroot@=\count192
LaTeX Info: Redefining \overline on input line 399.
\classnum@=\count193
\DOTSCASE@=\count194
LaTeX Info: Redefining \ldots on input line 496.
LaTeX Info: Redefining \dots on input line 499.
LaTeX Info: Redefining \cdots on input line 620.
\Mathstrutbox@=\box50
\strutbox@=\box51
\big@size=\dimen141
LaTeX Font Info:    Redeclaring font encoding OML on input line 743.
LaTeX Font Info:    Redeclaring font encoding OMS on input line 744.
\macc@depth=\count195
\c@MaxMatrixCols=\count196
\dotsspace@=\muskip16
\c@parentequation=\count197
\dspbrk@lvl=\count198
\tag@help=\toks17
\row@=\count199
\column@=\count266
\maxfields@=\count267
\andhelp@=\toks18
\eqnshift@=\dimen142
\alignsep@=\dimen143
\tagshift@=\dimen144
\tagwidth@=\dimen145
\totwidth@=\dimen146
\lineht@=\dimen147
\@envbody=\toks19
\multlinegap=\skip50
\multlinetaggap=\skip51
\mathdisplay@stack=\toks20
LaTeX Info: Redefining \[ on input line 2938.
LaTeX Info: Redefining \] on input line 2939.
) (/Users/pablo/Library/TinyTeX/texmf-dist/tex/latex/amsfonts/amssymb.sty
Package: amssymb 2013/01/14 v3.01 AMS font symbols
(/Users/pablo/Library/TinyTeX/texmf-dist/tex/latex/amsfonts/amsfonts.sty
Package: amsfonts 2013/01/14 v3.01 Basic AMSFonts support
\symAMSa=\mathgroup4
\symAMSb=\mathgroup5
LaTeX Font Info:    Redeclaring math symbol \hbar on input line 98.
LaTeX Font Info:    Overwriting math alphabet `\mathfrak' in version `bold'
(Font)                  U/euf/m/n --> U/euf/b/n on input line 106.
)) (/Users/pablo/Library/TinyTeX/texmf-dist/tex/latex/lm/lmodern.sty
Package: lmodern 2015/05/01 v1.6.1 Latin Modern Fonts
LaTeX Font Info:    Overwriting symbol font `operators' in version `normal'
(Font)                  OT1/cmr/m/n --> OT1/lmr/m/n on input line 22.
LaTeX Font Info:    Overwriting symbol font `letters' in version `normal'
(Font)                  OML/cmm/m/it --> OML/lmm/m/it on input line 23.
LaTeX Font Info:    Overwriting symbol font `symbols' in version `normal'
(Font)                  OMS/cmsy/m/n --> OMS/lmsy/m/n on input line 24.
LaTeX Font Info:    Overwriting symbol font `largesymbols' in version `normal'
(Font)                  OMX/cmex/m/n --> OMX/lmex/m/n on input line 25.
LaTeX Font Info:    Overwriting symbol font `operators' in version `bold'
(Font)                  OT1/cmr/bx/n --> OT1/lmr/bx/n on input line 26.
LaTeX Font Info:    Overwriting symbol font `letters' in version `bold'
(Font)                  OML/cmm/b/it --> OML/lmm/b/it on input line 27.
LaTeX Font Info:    Overwriting symbol font `symbols' in version `bold'
(Font)                  OMS/cmsy/b/n --> OMS/lmsy/b/n on input line 28.
LaTeX Font Info:    Overwriting symbol font `largesymbols' in version `bold'
(Font)                  OMX/cmex/m/n --> OMX/lmex/m/n on input line 29.
LaTeX Font Info:    Overwriting math alphabet `\mathbf' in version `normal'
(Font)                  OT1/cmr/bx/n --> OT1/lmr/bx/n on input line 31.
LaTeX Font Info:    Overwriting math alphabet `\mathsf' in version `normal'
(Font)                  OT1/cmss/m/n --> OT1/lmss/m/n on input line 32.
LaTeX Font Info:    Overwriting math alphabet `\mathit' in version `normal'
(Font)                  OT1/cmr/m/it --> OT1/lmr/m/it on input line 33.
LaTeX Font Info:    Overwriting math alphabet `\mathtt' in version `normal'
(Font)                  OT1/cmtt/m/n --> OT1/lmtt/m/n on input line 34.
LaTeX Font Info:    Overwriting math alphabet `\mathbf' in version `bold'
(Font)                  OT1/cmr/bx/n --> OT1/lmr/bx/n on input line 35.
LaTeX Font Info:    Overwriting math alphabet `\mathsf' in version `bold'
(Font)                  OT1/cmss/bx/n --> OT1/lmss/bx/n on input line 36.
LaTeX Font Info:    Overwriting math alphabet `\mathit' in version `bold'
(Font)                  OT1/cmr/bx/it --> OT1/lmr/bx/it on input line 37.
LaTeX Font Info:    Overwriting math alphabet `\mathtt' in version `bold'
(Font)                  OT1/cmtt/m/n --> OT1/lmtt/m/n on input line 38.
) (/Users/pablo/Library/TinyTeX/texmf-dist/tex/generic/iftex/iftex.sty
Package: iftex 2022/02/03 v1.0f TeX engine tests
) (/Users/pablo/Library/TinyTeX/texmf-dist/tex/latex/unicode-math/unicode-math.sty (/Users/pablo/Library/TinyTeX/texmf-dist/tex/latex/l3kernel/expl3.sty
Package: expl3 2022-06-02 L3 programming layer (loader) 
(/Users/pablo/Library/TinyTeX/texmf-dist/tex/latex/l3backend/l3backend-xetex.def
File: l3backend-xetex.def 2022-04-20 L3 backend support: XeTeX
\g__graphics_track_int=\count268
\l__pdf_internal_box=\box52
\g__pdf_backend_object_int=\count269
\g__pdf_backend_annotation_int=\count270
\g__pdf_backend_link_int=\count271
))
Package: unicode-math 2020/01/31 v0.8q Unicode maths in XeLaTeX and LuaLaTeX
(/Users/pablo/Library/TinyTeX/texmf-dist/tex/latex/unicode-math/unicode-math-xetex.sty
Package: unicode-math-xetex 2020/01/31 v0.8q Unicode maths in XeLaTeX and LuaLaTeX
(/Users/pablo/Library/TinyTeX/texmf-dist/tex/latex/l3packages/xparse/xparse.sty
Package: xparse 2022-05-30 L3 Experimental document command parser
) (/Users/pablo/Library/TinyTeX/texmf-dist/tex/latex/l3packages/l3keys2e/l3keys2e.sty
Package: l3keys2e 2022-05-30 LaTeX2e option processing using LaTeX3 keys
) (/Users/pablo/Library/TinyTeX/texmf-dist/tex/latex/fontspec/fontspec.sty
Package: fontspec 2022/01/15 v2.8a Font selection for XeLaTeX and LuaLaTeX
(/Users/pablo/Library/TinyTeX/texmf-dist/tex/latex/fontspec/fontspec-xetex.sty
Package: fontspec-xetex 2022/01/15 v2.8a Font selection for XeLaTeX and LuaLaTeX
\l__fontspec_script_int=\count272
\l__fontspec_language_int=\count273
\l__fontspec_strnum_int=\count274
\l__fontspec_tmp_int=\count275
\l__fontspec_tmpa_int=\count276
\l__fontspec_tmpb_int=\count277
\l__fontspec_tmpc_int=\count278
\l__fontspec_em_int=\count279
\l__fontspec_emdef_int=\count280
\l__fontspec_strong_int=\count281
\l__fontspec_strongdef_int=\count282
\l__fontspec_tmpa_dim=\dimen148
\l__fontspec_tmpb_dim=\dimen149
\l__fontspec_tmpc_dim=\dimen150
(/Users/pablo/Library/TinyTeX/texmf-dist/tex/latex/base/fontenc.sty
Package: fontenc 2021/04/29 v2.0v Standard LaTeX package
) (/Users/pablo/Library/TinyTeX/texmf-dist/tex/latex/fontspec/fontspec.cfg))) (/Users/pablo/Library/TinyTeX/texmf-dist/tex/latex/base/fix-cm.sty
Package: fix-cm 2020/11/24 v1.1t fixes to LaTeX
(/Users/pablo/Library/TinyTeX/texmf-dist/tex/latex/base/ts1enc.def
File: ts1enc.def 2001/06/05 v3.0e (jk/car/fm) Standard LaTeX file
LaTeX Font Info:    Redeclaring font encoding TS1 on input line 47.
))
\g__um_fam_int=\count283
\g__um_fonts_used_int=\count284
\l__um_primecount_int=\count285
\g__um_primekern_muskip=\muskip17
(/Users/pablo/Library/TinyTeX/texmf-dist/tex/latex/unicode-math/unicode-math-table.tex))) (/Users/pablo/Library/TinyTeX/texmf-dist/tex/latex/xcolor/xcolor.sty
Package: xcolor 2021/10/31 v2.13 LaTeX color extensions (UK)
(/Users/pablo/Library/TinyTeX/texmf-dist/tex/latex/graphics-cfg/color.cfg
File: color.cfg 2016/01/02 v1.6 sample color configuration
)
Package xcolor Info: Driver file: xetex.def on input line 227.
(/Users/pablo/Library/TinyTeX/texmf-dist/tex/latex/graphics-def/xetex.def
File: xetex.def 2022/04/16 v5.0m Graphics/color driver for xetex
)
Package xcolor Info: Model `cmy' substituted by `cmy0' on input line 1352.
Package xcolor Info: Model `RGB' extended on input line 1368.
Package xcolor Info: Model `HTML' substituted by `rgb' on input line 1370.
Package xcolor Info: Model `Hsb' substituted by `hsb' on input line 1371.
Package xcolor Info: Model `tHsb' substituted by `hsb' on input line 1372.
Package xcolor Info: Model `HSB' substituted by `hsb' on input line 1373.
Package xcolor Info: Model `Gray' substituted by `gray' on input line 1374.
Package xcolor Info: Model `wave' substituted by `hsb' on input line 1375.
) (/Users/pablo/Library/TinyTeX/texmf-dist/tex/latex/hyperref/hyperref.sty
Package: hyperref 2022-05-17 v7.00q Hypertext links for LaTeX
(/Users/pablo/Library/TinyTeX/texmf-dist/tex/generic/ltxcmds/ltxcmds.sty
Package: ltxcmds 2020-05-10 v1.25 LaTeX kernel commands for general use (HO)
) (/Users/pablo/Library/TinyTeX/texmf-dist/tex/generic/pdftexcmds/pdftexcmds.sty
Package: pdftexcmds 2020-06-27 v0.33 Utility functions of pdfTeX for LuaTeX (HO)
(/Users/pablo/Library/TinyTeX/texmf-dist/tex/generic/infwarerr/infwarerr.sty
Package: infwarerr 2019/12/03 v1.5 Providing info/warning/error messages (HO)
)
Package pdftexcmds Info: \pdf@primitive is available.
Package pdftexcmds Info: \pdf@ifprimitive is available.
Package pdftexcmds Info: \pdfdraftmode not found.
) (/Users/pablo/Library/TinyTeX/texmf-dist/tex/latex/graphics/keyval.sty
Package: keyval 2014/10/28 v1.15 key=value parser (DPC)
\KV@toks@=\toks21
) (/Users/pablo/Library/TinyTeX/texmf-dist/tex/generic/kvsetkeys/kvsetkeys.sty
Package: kvsetkeys 2019/12/15 v1.18 Key value parser (HO)
) (/Users/pablo/Library/TinyTeX/texmf-dist/tex/generic/kvdefinekeys/kvdefinekeys.sty
Package: kvdefinekeys 2019-12-19 v1.6 Define keys (HO)
) (/Users/pablo/Library/TinyTeX/texmf-dist/tex/generic/pdfescape/pdfescape.sty
Package: pdfescape 2019/12/09 v1.15 Implements pdfTeX's escape features (HO)
) (/Users/pablo/Library/TinyTeX/texmf-dist/tex/latex/hycolor/hycolor.sty
Package: hycolor 2020-01-27 v1.10 Color options for hyperref/bookmark (HO)
) (/Users/pablo/Library/TinyTeX/texmf-dist/tex/latex/letltxmacro/letltxmacro.sty
Package: letltxmacro 2019/12/03 v1.6 Let assignment for LaTeX macros (HO)
) (/Users/pablo/Library/TinyTeX/texmf-dist/tex/latex/auxhook/auxhook.sty
Package: auxhook 2019-12-17 v1.6 Hooks for auxiliary files (HO)
) (/Users/pablo/Library/TinyTeX/texmf-dist/tex/latex/hyperref/nameref.sty
Package: nameref 2022-05-17 v2.50 Cross-referencing by name of section
(/Users/pablo/Library/TinyTeX/texmf-dist/tex/latex/refcount/refcount.sty
Package: refcount 2019/12/15 v3.6 Data extraction from label references (HO)
) (/Users/pablo/Library/TinyTeX/texmf-dist/tex/generic/gettitlestring/gettitlestring.sty
Package: gettitlestring 2019/12/15 v1.6 Cleanup title references (HO)
(/Users/pablo/Library/TinyTeX/texmf-dist/tex/latex/kvoptions/kvoptions.sty
Package: kvoptions 2020-10-07 v3.14 Key value format for package options (HO)
))
\c@section@level=\count286
)
\@linkdim=\dimen151
\Hy@linkcounter=\count287
\Hy@pagecounter=\count288
(/Users/pablo/Library/TinyTeX/texmf-dist/tex/latex/hyperref/pd1enc.def
File: pd1enc.def 2022-05-17 v7.00q Hyperref: PDFDocEncoding definition (HO)
) (/Users/pablo/Library/TinyTeX/texmf-dist/tex/generic/intcalc/intcalc.sty
Package: intcalc 2019/12/15 v1.3 Expandable calculations with integers (HO)
) (/Users/pablo/Library/TinyTeX/texmf-dist/tex/generic/etexcmds/etexcmds.sty
Package: etexcmds 2019/12/15 v1.7 Avoid name clashes with e-TeX commands (HO)
)
\Hy@SavedSpaceFactor=\count289
(/Users/pablo/Library/TinyTeX/texmf-dist/tex/latex/hyperref/puenc.def
File: puenc.def 2022-05-17 v7.00q Hyperref: PDF Unicode definition (HO)
)
Package hyperref Info: Option `unicode' set `true' on input line 4020.
Package hyperref Info: Hyper figures OFF on input line 4139.
Package hyperref Info: Link nesting OFF on input line 4144.
Package hyperref Info: Hyper index ON on input line 4147.
Package hyperref Info: Plain pages OFF on input line 4154.
Package hyperref Info: Backreferencing OFF on input line 4159.
Package hyperref Info: Implicit mode ON; LaTeX internals redefined.
Package hyperref Info: Bookmarks ON on input line 4385.
\c@Hy@tempcnt=\count290
(/Users/pablo/Library/TinyTeX/texmf-dist/tex/latex/url/url.sty
\Urlmuskip=\muskip18
Package: url 2013/09/16  ver 3.4  Verb mode for urls, etc.
)
LaTeX Info: Redefining \url on input line 4723.
\XeTeXLinkMargin=\dimen152
(/Users/pablo/Library/TinyTeX/texmf-dist/tex/generic/bitset/bitset.sty
Package: bitset 2019/12/09 v1.3 Handle bit-vector datatype (HO)
(/Users/pablo/Library/TinyTeX/texmf-dist/tex/generic/bigintcalc/bigintcalc.sty
Package: bigintcalc 2019/12/15 v1.5 Expandable calculations on big integers (HO)
))
\Fld@menulength=\count291
\Field@Width=\dimen153
\Fld@charsize=\dimen154
Package hyperref Info: Hyper figures OFF on input line 6001.
Package hyperref Info: Link nesting OFF on input line 6006.
Package hyperref Info: Hyper index ON on input line 6009.
Package hyperref Info: backreferencing OFF on input line 6016.
Package hyperref Info: Link coloring OFF on input line 6021.
Package hyperref Info: Link coloring with OCG OFF on input line 6026.
Package hyperref Info: PDF/A mode OFF on input line 6031.
LaTeX Info: Redefining \ref on input line 6078.
LaTeX Info: Redefining \pageref on input line 6078.
(/Users/pablo/Library/TinyTeX/texmf-dist/tex/latex/base/atbegshi-ltx.sty
Package: atbegshi-ltx 2021/01/10 v1.0c Emulation of the original atbegshi
package with kernel methods
)
\Hy@abspage=\count292
\c@Item=\count293
\c@Hfootnote=\count294
)
Package hyperref Info: Driver (autodetected): hxetex.
(/Users/pablo/Library/TinyTeX/texmf-dist/tex/latex/hyperref/hxetex.def
File: hxetex.def 2022-05-17 v7.00q Hyperref driver for XeTeX
(/Users/pablo/Library/TinyTeX/texmf-dist/tex/generic/stringenc/stringenc.sty
Package: stringenc 2019/11/29 v1.12 Convert strings between diff. encodings (HO)
)
\pdfm@box=\box53
\c@Hy@AnnotLevel=\count295
\HyField@AnnotCount=\count296
\Fld@listcount=\count297
\c@bookmark@seq@number=\count298
(/Users/pablo/Library/TinyTeX/texmf-dist/tex/latex/rerunfilecheck/rerunfilecheck.sty
Package: rerunfilecheck 2019/12/05 v1.9 Rerun checks for auxiliary files (HO)
(/Users/pablo/Library/TinyTeX/texmf-dist/tex/latex/base/atveryend-ltx.sty
Package: atveryend-ltx 2020/08/19 v1.0a Emulation of the original atveryend package
with kernel methods
) (/Users/pablo/Library/TinyTeX/texmf-dist/tex/generic/uniquecounter/uniquecounter.sty
Package: uniquecounter 2019/12/15 v1.4 Provide unlimited unique counter (HO)
)
Package uniquecounter Info: New unique counter `rerunfilecheck' on input line 286.
)
\Hy@SectionHShift=\skip52
) (/Users/pablo/Library/TinyTeX/texmf-dist/tex/latex/fancyvrb/fancyvrb.sty
Package: fancyvrb 2022/06/06 4.5 verbatim text (tvz,hv)
\FV@CodeLineNo=\count299
\FV@InFile=\read2
\FV@TabBox=\box54
\c@FancyVerbLine=\count300
\FV@StepNumber=\count301
\FV@OutFile=\write3
) (/Users/pablo/Library/TinyTeX/texmf-dist/tex/latex/framed/framed.sty
Package: framed 2011/10/22 v 0.96: framed or shaded text with page breaks
\OuterFrameSep=\skip53
\fb@frw=\dimen155
\fb@frh=\dimen156
\FrameRule=\dimen157
\FrameSep=\dimen158
) (/Users/pablo/Library/TinyTeX/texmf-dist/tex/latex/tools/longtable.sty
Package: longtable 2021-09-01 v4.17 Multi-page Table package (DPC)
\LTleft=\skip54
\LTright=\skip55
\LTpre=\skip56
\LTpost=\skip57
\LTchunksize=\count302
\LTcapwidth=\dimen159
\LT@head=\box55
\LT@firsthead=\box56
\LT@foot=\box57
\LT@lastfoot=\box58
\LT@gbox=\box59
\LT@cols=\count303
\LT@rows=\count304
\c@LT@tables=\count305
\c@LT@chunks=\count306
\LT@p@ftn=\toks22
) (/Users/pablo/Library/TinyTeX/texmf-dist/tex/latex/booktabs/booktabs.sty
Package: booktabs 2020/01/12 v1.61803398 Publication quality tables
\heavyrulewidth=\dimen160
\lightrulewidth=\dimen161
\cmidrulewidth=\dimen162
\belowrulesep=\dimen163
\belowbottomsep=\dimen164
\aboverulesep=\dimen165
\abovetopsep=\dimen166
\cmidrulesep=\dimen167
\cmidrulekern=\dimen168
\defaultaddspace=\dimen169
\@cmidla=\count307
\@cmidlb=\count308
\@aboverulesep=\dimen170
\@belowrulesep=\dimen171
\@thisruleclass=\count309
\@lastruleclass=\count310
\@thisrulewidth=\dimen172
) (/Users/pablo/Library/TinyTeX/texmf-dist/tex/latex/tools/array.sty
Package: array 2021/10/04 v2.5f Tabular extension package (FMi)
\col@sep=\dimen173
\ar@mcellbox=\box60
\extrarowheight=\dimen174
\NC@list=\toks23
\extratabsurround=\skip58
\backup@length=\skip59
\ar@cellbox=\box61
) (/Users/pablo/Library/TinyTeX/texmf-dist/tex/latex/tools/calc.sty
Package: calc 2017/05/25 v4.3 Infix arithmetic (KKT,FJ)
\calc@Acount=\count311
\calc@Bcount=\count312
\calc@Adimen=\dimen175
\calc@Bdimen=\dimen176
\calc@Askip=\skip60
\calc@Bskip=\skip61
LaTeX Info: Redefining \setlength on input line 80.
LaTeX Info: Redefining \addtolength on input line 81.
\calc@Ccount=\count313
\calc@Cskip=\skip62
) (/Users/pablo/Library/TinyTeX/texmf-dist/tex/latex/etoolbox/etoolbox.sty
Package: etoolbox 2020/10/05 v2.5k e-TeX tools for LaTeX (JAW)
\etb@tempcnta=\count314
) (/Users/pablo/Library/TinyTeX/texmf-dist/tex/latex/mdwtools/footnote.sty
Package: footnote 1997/01/28 1.13 Save footnotes around boxes
\fn@notes=\box62
\fn@width=\dimen177
) (/Users/pablo/Library/TinyTeX/texmf-dist/tex/latex/graphics/graphicx.sty
Package: graphicx 2021/09/16 v1.2d Enhanced LaTeX Graphics (DPC,SPQR)
(/Users/pablo/Library/TinyTeX/texmf-dist/tex/latex/graphics/graphics.sty
Package: graphics 2021/03/04 v1.4d Standard LaTeX Graphics (DPC,SPQR)
(/Users/pablo/Library/TinyTeX/texmf-dist/tex/latex/graphics/trig.sty
Package: trig 2021/08/11 v1.11 sin cos tan (DPC)
) (/Users/pablo/Library/TinyTeX/texmf-dist/tex/latex/graphics-cfg/graphics.cfg
File: graphics.cfg 2016/06/04 v1.11 sample graphics configuration
)
Package graphics Info: Driver file: xetex.def on input line 107.
)
\Gin@req@height=\dimen178
\Gin@req@width=\dimen179
) (/Users/pablo/Library/TinyTeX/texmf-dist/tex/latex/amscls/amsthm.sty
Package: amsthm 2020/05/29 v2.20.6
\thm@style=\toks24
\thm@bodyfont=\toks25
\thm@headfont=\toks26
\thm@notefont=\toks27
\thm@headpunct=\toks28
\thm@preskip=\skip63
\thm@postskip=\skip64
\thm@headsep=\skip65
\dth@everypar=\toks29
) (/Users/pablo/Library/TinyTeX/texmf-dist/tex/latex/natbib/natbib.sty
Package: natbib 2010/09/13 8.31b (PWD, AO)
\bibhang=\skip66
\bibsep=\skip67
LaTeX Info: Redefining \cite on input line 694.
\c@NAT@ctr=\count315
)
No file csu-impactb.aux.
\openout1 = `csu-impactb.aux'.

LaTeX Font Info:    Checking defaults for OML/cmm/m/it on input line 129.
LaTeX Font Info:    ... okay on input line 129.
LaTeX Font Info:    Checking defaults for OMS/cmsy/m/n on input line 129.
LaTeX Font Info:    ... okay on input line 129.
LaTeX Font Info:    Checking defaults for OT1/cmr/m/n on input line 129.
LaTeX Font Info:    ... okay on input line 129.
LaTeX Font Info:    Checking defaults for T1/cmr/m/n on input line 129.
LaTeX Font Info:    ... okay on input line 129.
LaTeX Font Info:    Checking defaults for TS1/cmr/m/n on input line 129.
LaTeX Font Info:    ... okay on input line 129.
LaTeX Font Info:    Checking defaults for TU/lmr/m/n on input line 129.
LaTeX Font Info:    ... okay on input line 129.
LaTeX Font Info:    Checking defaults for OMX/cmex/m/n on input line 129.
LaTeX Font Info:    ... okay on input line 129.
LaTeX Font Info:    Checking defaults for U/cmr/m/n on input line 129.
LaTeX Font Info:    ... okay on input line 129.
LaTeX Font Info:    Checking defaults for PD1/pdf/m/n on input line 129.
LaTeX Font Info:    ... okay on input line 129.
LaTeX Font Info:    Checking defaults for PU/pdf/m/n on input line 129.
LaTeX Font Info:    ... okay on input line 129.
LaTeX Font Info:    Overwriting math alphabet `\mathrm' in version `normal'
(Font)                  OT1/lmr/m/n --> TU/lmr/m/n on input line 129.
LaTeX Font Info:    Overwriting math alphabet `\mathit' in version `normal'
(Font)                  OT1/lmr/m/it --> TU/lmr/m/it on input line 129.
LaTeX Font Info:    Overwriting math alphabet `\mathbf' in version `normal'
(Font)                  OT1/lmr/bx/n --> TU/lmr/bx/n on input line 129.
LaTeX Font Info:    Overwriting math alphabet `\mathsf' in version `normal'
(Font)                  OT1/lmss/m/n --> TU/lmss/m/n on input line 129.
LaTeX Font Info:    Overwriting math alphabet `\mathsf' in version `bold'
(Font)                  OT1/lmss/bx/n --> TU/lmss/bx/n on input line 129.
LaTeX Font Info:    Overwriting math alphabet `\mathtt' in version `normal'
(Font)                  OT1/lmtt/m/n --> TU/lmtt/m/n on input line 129.
LaTeX Font Info:    Overwriting math alphabet `\mathtt' in version `bold'
(Font)                  OT1/lmtt/m/n --> TU/lmtt/bx/n on input line 129.

Package fontspec Info: latinmodern-math scale = 0.9999964596882403.


Package fontspec Info: latinmodern-math scale = 0.9999964596882403.


Package fontspec Info: latinmodern-math scale = 0.9999964596882403.


Package fontspec Info: Font family 'latinmodern-math.otf(0)' created for font
(fontspec)             'latinmodern-math.otf' with options
(fontspec)             [Scale=MatchLowercase,BoldItalicFont={},ItalicFont={},SmallCapsFont={},Script=Math,BoldFont={latinmodern-math.otf}].
(fontspec)              
(fontspec)              This font family consists of the following NFSS
(fontspec)             series/shapes:
(fontspec)              
(fontspec)             - 'normal' (m/n) with NFSS spec.:
(fontspec)             <->s*[0.9999964596882403]"[latinmodern-math.otf]/OT:script=math;language=dflt;"
(fontspec)             - 'small caps'  (m/sc) with NFSS spec.: 
(fontspec)             - 'bold' (b/n) with NFSS spec.:
(fontspec)             <->s*[0.9999964596882403]"[latinmodern-math.otf]/OT:script=math;language=dflt;"
(fontspec)             - 'bold small caps'  (b/sc) with NFSS spec.: 

LaTeX Font Info:    Font shape `TU/latinmodern-math.otf(0)/m/n' will be
(Font)              scaled to size 10.0pt on input line 129.

Package fontspec Info: latinmodern-math scale = 0.9999964596882403.


Package fontspec Info: latinmodern-math scale = 0.9999964596882403.


Package fontspec Info: latinmodern-math scale = 0.9999964596882403.


Package fontspec Info: latinmodern-math scale = 0.9999964596882403.


Package fontspec Info: latinmodern-math scale = 0.9999964596882403.


Package fontspec Info: Font family 'latinmodern-math.otf(1)' created for font
(fontspec)             'latinmodern-math.otf' with options
(fontspec)             [Scale=MatchLowercase,BoldItalicFont={},ItalicFont={},SmallCapsFont={},Script=Math,SizeFeatures={{Size=8.5-},{Size=6-8.5,Font=latinmodern-math.otf,Style=MathScript},{Size=-6,Font=latinmodern-math.otf,Style=MathScriptScript}},BoldFont={latinmodern-math.otf}].
(fontspec)              
(fontspec)              This font family consists of the following NFSS
(fontspec)             series/shapes:
(fontspec)              
(fontspec)             - 'normal' (m/n) with NFSS spec.:
(fontspec)             <8.5->s*[0.9999964596882403]"[latinmodern-math.otf]/OT:script=math;language=dflt;"<6-8.5>s*[0.9999964596882403]"[latinmodern-math.otf]/OT:script=math;language=dflt;+ssty=0;"<-6>s*[0.9999964596882403]"[latinmodern-math.otf]/OT:script=math;language=dflt;+ssty=1;"
(fontspec)             - 'small caps'  (m/sc) with NFSS spec.: 
(fontspec)             - 'bold' (b/n) with NFSS spec.:
(fontspec)             <->s*[0.9999964596882403]"[latinmodern-math.otf]/OT:script=math;language=dflt;"
(fontspec)             - 'bold small caps'  (b/sc) with NFSS spec.: 

LaTeX Font Info:    Font shape `TU/latinmodern-math.otf(1)/m/n' will be
(Font)              scaled to size 10.0pt on input line 129.
LaTeX Font Info:    Encoding `OT1' has changed to `TU' for symbol font
(Font)              `operators' in the math version `normal' on input line 129.
LaTeX Font Info:    Overwriting symbol font `operators' in version `normal'
(Font)                  OT1/lmr/m/n --> TU/latinmodern-math.otf(1)/m/n on input line 129.
LaTeX Font Info:    Encoding `OT1' has changed to `TU' for symbol font
(Font)              `operators' in the math version `bold' on input line 129.
LaTeX Font Info:    Overwriting symbol font `operators' in version `bold'
(Font)                  OT1/lmr/bx/n --> TU/latinmodern-math.otf(1)/b/n on input line 129.

Package fontspec Info: latinmodern-math scale = 0.9999964596882403.


Package fontspec Info: latinmodern-math scale = 1.000096459334209.


Package fontspec Info: latinmodern-math scale = 0.9999964596882403.


Package fontspec Info: latinmodern-math scale = 1.000096459334209.


Package fontspec Info: latinmodern-math scale = 0.9999964596882403.


Package fontspec Info: latinmodern-math scale = 1.000096459334209.


Package fontspec Info: latinmodern-math scale = 0.9999964596882403.


Package fontspec Info: latinmodern-math scale = 1.000096459334209.


Package fontspec Info: latinmodern-math scale = 0.9999964596882403.


Package fontspec Info: latinmodern-math scale = 1.000096459334209.


Package fontspec Info: Font family 'latinmodern-math.otf(2)' created for font
(fontspec)             'latinmodern-math.otf' with options
(fontspec)             [Scale=MatchLowercase,BoldItalicFont={},ItalicFont={},SmallCapsFont={},Script=Math,SizeFeatures={{Size=8.5-},{Size=6-8.5,Font=latinmodern-math.otf,Style=MathScript},{Size=-6,Font=latinmodern-math.otf,Style=MathScriptScript}},BoldFont={latinmodern-math.otf},ScaleAgain=1.0001,FontAdjustment={\fontdimen
(fontspec)             8\font =6.77pt\relax \fontdimen 9\font =3.94pt\relax
(fontspec)             \fontdimen 10\font =4.44pt\relax \fontdimen 11\font
(fontspec)             =6.86pt\relax \fontdimen 12\font =3.45pt\relax
(fontspec)             \fontdimen 13\font =3.63pt\relax \fontdimen 14\font
(fontspec)             =3.63pt\relax \fontdimen 15\font =2.89pt\relax
(fontspec)             \fontdimen 16\font =2.47pt\relax \fontdimen 17\font
(fontspec)             =2.47pt\relax \fontdimen 18\font =2.5pt\relax
(fontspec)             \fontdimen 19\font =2.0pt\relax \fontdimen 22\font
(fontspec)             =2.5pt\relax \fontdimen 20\font =0pt\relax \fontdimen
(fontspec)             21\font =0pt\relax }].
(fontspec)              
(fontspec)              This font family consists of the following NFSS
(fontspec)             series/shapes:
(fontspec)              
(fontspec)             - 'normal' (m/n) with NFSS spec.:
(fontspec)             <8.5->s*[1.000096459334209]"[latinmodern-math.otf]/OT:script=math;language=dflt;"<6-8.5>s*[1.000096459334209]"[latinmodern-math.otf]/OT:script=math;language=dflt;+ssty=0;"<-6>s*[1.000096459334209]"[latinmodern-math.otf]/OT:script=math;language=dflt;+ssty=1;"
(fontspec)             - 'small caps'  (m/sc) with NFSS spec.: 
(fontspec)             and font adjustment code:
(fontspec)             \fontdimen 8\font =6.77pt\relax \fontdimen 9\font
(fontspec)             =3.94pt\relax \fontdimen 10\font =4.44pt\relax
(fontspec)             \fontdimen 11\font =6.86pt\relax \fontdimen 12\font
(fontspec)             =3.45pt\relax \fontdimen 13\font =3.63pt\relax
(fontspec)             \fontdimen 14\font =3.63pt\relax \fontdimen 15\font
(fontspec)             =2.89pt\relax \fontdimen 16\font =2.47pt\relax
(fontspec)             \fontdimen 17\font =2.47pt\relax \fontdimen 18\font
(fontspec)             =2.5pt\relax \fontdimen 19\font =2.0pt\relax \fontdimen
(fontspec)             22\font =2.5pt\relax \fontdimen 20\font =0pt\relax
(fontspec)             \fontdimen 21\font =0pt\relax 
(fontspec)             - 'bold' (b/n) with NFSS spec.:
(fontspec)             <->s*[1.000096459334209]"[latinmodern-math.otf]/OT:script=math;language=dflt;"
(fontspec)             - 'bold small caps'  (b/sc) with NFSS spec.: 
(fontspec)             and font adjustment code:
(fontspec)             \fontdimen 8\font =6.77pt\relax \fontdimen 9\font
(fontspec)             =3.94pt\relax \fontdimen 10\font =4.44pt\relax
(fontspec)             \fontdimen 11\font =6.86pt\relax \fontdimen 12\font
(fontspec)             =3.45pt\relax \fontdimen 13\font =3.63pt\relax
(fontspec)             \fontdimen 14\font =3.63pt\relax \fontdimen 15\font
(fontspec)             =2.89pt\relax \fontdimen 16\font =2.47pt\relax
(fontspec)             \fontdimen 17\font =2.47pt\relax \fontdimen 18\font
(fontspec)             =2.5pt\relax \fontdimen 19\font =2.0pt\relax \fontdimen
(fontspec)             22\font =2.5pt\relax \fontdimen 20\font =0pt\relax
(fontspec)             \fontdimen 21\font =0pt\relax 

LaTeX Font Info:    Encoding `OMS' has changed to `TU' for symbol font
(Font)              `symbols' in the math version `normal' on input line 129.
LaTeX Font Info:    Overwriting symbol font `symbols' in version `normal'
(Font)                  OMS/lmsy/m/n --> TU/latinmodern-math.otf(2)/m/n on input line 129.
LaTeX Font Info:    Encoding `OMS' has changed to `TU' for symbol font
(Font)              `symbols' in the math version `bold' on input line 129.
LaTeX Font Info:    Overwriting symbol font `symbols' in version `bold'
(Font)                  OMS/lmsy/b/n --> TU/latinmodern-math.otf(2)/b/n on input line 129.

Package fontspec Info: latinmodern-math scale = 0.9999964596882403.


Package fontspec Info: latinmodern-math scale = 0.9998964600422715.


Package fontspec Info: latinmodern-math scale = 0.9999964596882403.


Package fontspec Info: latinmodern-math scale = 0.9998964600422715.


Package fontspec Info: latinmodern-math scale = 0.9999964596882403.


Package fontspec Info: latinmodern-math scale = 0.9998964600422715.


Package fontspec Info: latinmodern-math scale = 0.9999964596882403.


Package fontspec Info: latinmodern-math scale = 0.9998964600422715.


Package fontspec Info: latinmodern-math scale = 0.9999964596882403.


Package fontspec Info: latinmodern-math scale = 0.9998964600422715.


Package fontspec Info: Font family 'latinmodern-math.otf(3)' created for font
(fontspec)             'latinmodern-math.otf' with options
(fontspec)             [Scale=MatchLowercase,BoldItalicFont={},ItalicFont={},SmallCapsFont={},Script=Math,SizeFeatures={{Size=8.5-},{Size=6-8.5,Font=latinmodern-math.otf,Style=MathScript},{Size=-6,Font=latinmodern-math.otf,Style=MathScriptScript}},BoldFont={latinmodern-math.otf},ScaleAgain=0.9999,FontAdjustment={\fontdimen
(fontspec)             8\font =0.4pt\relax \fontdimen 9\font =2.0pt\relax
(fontspec)             \fontdimen 10\font =1.67pt\relax \fontdimen 11\font
(fontspec)             =1.11pt\relax \fontdimen 12\font =6.0pt\relax
(fontspec)             \fontdimen 13\font =0pt\relax }].
(fontspec)              
(fontspec)              This font family consists of the following NFSS
(fontspec)             series/shapes:
(fontspec)              
(fontspec)             - 'normal' (m/n) with NFSS spec.:
(fontspec)             <8.5->s*[0.9998964600422715]"[latinmodern-math.otf]/OT:script=math;language=dflt;"<6-8.5>s*[0.9998964600422715]"[latinmodern-math.otf]/OT:script=math;language=dflt;+ssty=0;"<-6>s*[0.9998964600422715]"[latinmodern-math.otf]/OT:script=math;language=dflt;+ssty=1;"
(fontspec)             - 'small caps'  (m/sc) with NFSS spec.: 
(fontspec)             and font adjustment code:
(fontspec)             \fontdimen 8\font =0.4pt\relax \fontdimen 9\font
(fontspec)             =2.0pt\relax \fontdimen 10\font =1.67pt\relax
(fontspec)             \fontdimen 11\font =1.11pt\relax \fontdimen 12\font
(fontspec)             =6.0pt\relax \fontdimen 13\font =0pt\relax 
(fontspec)             - 'bold' (b/n) with NFSS spec.:
(fontspec)             <->s*[0.9998964600422715]"[latinmodern-math.otf]/OT:script=math;language=dflt;"
(fontspec)             - 'bold small caps'  (b/sc) with NFSS spec.: 
(fontspec)             and font adjustment code:
(fontspec)             \fontdimen 8\font =0.4pt\relax \fontdimen 9\font
(fontspec)             =2.0pt\relax \fontdimen 10\font =1.67pt\relax
(fontspec)             \fontdimen 11\font =1.11pt\relax \fontdimen 12\font
(fontspec)             =6.0pt\relax \fontdimen 13\font =0pt\relax 

LaTeX Font Info:    Encoding `OMX' has changed to `TU' for symbol font
(Font)              `largesymbols' in the math version `normal' on input line 129.
LaTeX Font Info:    Overwriting symbol font `largesymbols' in version `normal'
(Font)                  OMX/lmex/m/n --> TU/latinmodern-math.otf(3)/m/n on input line 129.
LaTeX Font Info:    Encoding `OMX' has changed to `TU' for symbol font
(Font)              `largesymbols' in the math version `bold' on input line 129.
LaTeX Font Info:    Overwriting symbol font `largesymbols' in version `bold'
(Font)                  OMX/lmex/m/n --> TU/latinmodern-math.otf(3)/b/n on input line 129.
Package hyperref Info: Link coloring OFF on input line 129.
\@outlinefile=\write4
\openout4 = `csu-impactb.out'.


Package hyperref Warning: Rerun to get /PageLabels entry.

LaTeX Font Info:    Font shape `TU/latinmodern-math.otf(1)/m/n' will be
(Font)              scaled to size 12.0pt on input line 131.
LaTeX Font Info:    Font shape `TU/latinmodern-math.otf(1)/m/n' will be
(Font)              scaled to size 8.0pt on input line 131.
LaTeX Font Info:    Font shape `TU/latinmodern-math.otf(1)/m/n' will be
(Font)              scaled to size 6.0pt on input line 131.
LaTeX Font Info:    Trying to load font information for OML+lmm on input line 131.
(/Users/pablo/Library/TinyTeX/texmf-dist/tex/latex/lm/omllmm.fd
File: omllmm.fd 2015/05/01 v1.6.1 Font defs for Latin Modern
)
LaTeX Font Info:    Font shape `TU/latinmodern-math.otf(2)/m/n' will be
(Font)              scaled to size 12.0011pt on input line 131.
LaTeX Font Info:    Font shape `TU/latinmodern-math.otf(2)/m/n' will be
(Font)              scaled to size 8.00073pt on input line 131.
LaTeX Font Info:    Font shape `TU/latinmodern-math.otf(2)/m/n' will be
(Font)              scaled to size 6.00055pt on input line 131.
LaTeX Font Info:    Font shape `TU/latinmodern-math.otf(3)/m/n' will be
(Font)              scaled to size 11.99872pt on input line 131.
LaTeX Font Info:    Font shape `TU/latinmodern-math.otf(3)/m/n' will be
(Font)              scaled to size 7.99915pt on input line 131.
LaTeX Font Info:    Font shape `TU/latinmodern-math.otf(3)/m/n' will be
(Font)              scaled to size 5.99936pt on input line 131.
LaTeX Font Info:    Trying to load font information for U+msa on input line 131.
(/Users/pablo/Library/TinyTeX/texmf-dist/tex/latex/amsfonts/umsa.fd
File: umsa.fd 2013/01/14 v3.01 AMS symbols A
)
LaTeX Font Info:    Trying to load font information for U+msb on input line 131.
(/Users/pablo/Library/TinyTeX/texmf-dist/tex/latex/amsfonts/umsb.fd
File: umsb.fd 2013/01/14 v3.01 AMS symbols B
) [1


] [2

]
No file csu-impactb.toc.
\tf@toc=\write5
\openout5 = `csu-impactb.toc'.

[3] [4

]
Chapter 1.
[5] [6]
Chapter 2.
[7

] [8

]
Chapter 3.
[9]
File: figures/initial_data_template_example.png Graphic file (type bmp)
<figures/initial_data_template_example.png>
[10]
Chapter 4.

Package natbib Warning: Citation `baazim2022interplay' on page 11 undefined on input line 271.


Package natbib Warning: Citation `baazim2022interplay' on page 11 undefined on input line 271.


Package natbib Warning: Citation `baazim2019cd8' on page 11 undefined on input line 271.


Package natbib Warning: Citation `smith2022host' on page 11 undefined on input line 273.


Package natbib Warning: Citation `segueni2016controlled' on page 11 undefined on input line 273.


Package natbib Warning: Citation `smith2022host' on page 11 undefined on input line 273.

LaTeX Font Info:    Font shape `TU/latinmodern-math.otf(1)/m/n' will be
(Font)              scaled to size 7.0pt on input line 288.
LaTeX Font Info:    Font shape `TU/latinmodern-math.otf(1)/m/n' will be
(Font)              scaled to size 5.0pt on input line 288.
LaTeX Font Info:    Font shape `TU/latinmodern-math.otf(2)/m/n' will be
(Font)              scaled to size 10.00092pt on input line 288.
LaTeX Font Info:    Font shape `TU/latinmodern-math.otf(2)/m/n' will be
(Font)              scaled to size 7.00064pt on input line 288.
LaTeX Font Info:    Font shape `TU/latinmodern-math.otf(2)/m/n' will be
(Font)              scaled to size 5.00046pt on input line 288.
LaTeX Font Info:    Font shape `TU/latinmodern-math.otf(3)/m/n' will be
(Font)              scaled to size 9.99893pt on input line 288.
LaTeX Font Info:    Font shape `TU/latinmodern-math.otf(3)/m/n' will be
(Font)              scaled to size 6.99925pt on input line 288.
LaTeX Font Info:    Font shape `TU/latinmodern-math.otf(3)/m/n' will be
(Font)              scaled to size 4.99947pt on input line 288.
[11

]
Overfull \hbox (90.75pt too wide) in paragraph at lines 308--308
[]\TU/lmtt/m/n/10 ## -- Attaching packages --------------------------------------- tidyverse 1.3.1 --[] 
 []


Overfull \hbox (90.75pt too wide) in paragraph at lines 325--325
[]\TU/lmtt/m/n/10 ## -- Conflicts ------------------------------------------ tidyverse_conflicts() --[] 
 []

[12] [13] [14

]
Chapter 5.
[15]
LaTeX Font Info:    Font shape `TU/lmtt/bx/n' in size <10> not available
(Font)              Font shape `TU/lmtt/b/n' tried instead on input line 434.

Overfull \hbox (50.94344pt too wide) has occurred while \output is active
\TU/lmr/m/n/10 16 \TU/lmr/m/sl/10 CHAPTER 5.  COLONY FORMING UNITS TO DETERMINE BACTERIAL COUNTS
 []

[16]
Overfull \hbox (85.5pt too wide) in paragraph at lines 493--493
[]\TU/lmtt/m/n/10 ##    count_date           who_plated who_counted groups mouse organ dilution CFUs[] 
 []


Overfull \hbox (90.75pt too wide) in paragraph at lines 493--493
[]\TU/lmtt/m/n/10 ##    <chr>                <chr>      <chr>       <chr>  <chr> <chr>    <dbl> <chr>[] 
 []


Overfull \hbox (85.5pt too wide) in paragraph at lines 493--493
[]\TU/lmtt/m/n/10 ##  1 "\"February 21 2022~ BK         BK          group~ A     lung         0 TNTC[] 
 []


Overfull \hbox (85.5pt too wide) in paragraph at lines 493--493
[]\TU/lmtt/m/n/10 ##  2 "\"February 21 2022~ BK         BK          group~ A     lung         1 TNTC[] 
 []


Overfull \hbox (85.5pt too wide) in paragraph at lines 493--493
[]\TU/lmtt/m/n/10 ##  3 "\"February 21 2022~ BK         BK          group~ A     lung         2 TNTC[] 
 []


Overfull \hbox (75.0pt too wide) in paragraph at lines 493--493
[]\TU/lmtt/m/n/10 ##  4 "\"February 21 2022~ BK         BK          group~ A     lung         3 53[] 
 []


Overfull \hbox (69.75pt too wide) in paragraph at lines 493--493
[]\TU/lmtt/m/n/10 ##  5 "\"February 21 2022~ BK         BK          group~ A     lung         4 9[] 
 []


Overfull \hbox (69.75pt too wide) in paragraph at lines 493--493
[]\TU/lmtt/m/n/10 ##  6 "\"February 21 2022~ BK         BK          group~ A     lung         5 4[] 
 []


Overfull \hbox (69.75pt too wide) in paragraph at lines 493--493
[]\TU/lmtt/m/n/10 ##  7 "\"February 21 2022~ BK         BK          group~ A     lung         6 2[] 
 []


Overfull \hbox (69.75pt too wide) in paragraph at lines 493--493
[]\TU/lmtt/m/n/10 ##  8 "\"February 21 2022~ BK         BK          group~ A     lung         7 1[] 
 []


Overfull \hbox (69.75pt too wide) in paragraph at lines 493--493
[]\TU/lmtt/m/n/10 ##  9 "\"February 21 2022~ BK         BK          group~ A     lung         8 0[] 
 []


Overfull \hbox (85.5pt too wide) in paragraph at lines 493--493
[]\TU/lmtt/m/n/10 ## 10 "\"February 21 2022~ BK         BK          group~ B     lung         0 TNTC[] 
 []


Overfull \hbox (85.5pt too wide) in paragraph at lines 493--493
[]\TU/lmtt/m/n/10 ##    count_date          who_plated who_counted groups  mouse organ dilution CFUs[] 
 []


Overfull \hbox (90.75pt too wide) in paragraph at lines 493--493
[]\TU/lmtt/m/n/10 ##    <chr>               <chr>      <chr>       <chr>   <chr> <chr>    <dbl> <chr>[] 
 []


Overfull \hbox (85.5pt too wide) in paragraph at lines 493--493
[]\TU/lmtt/m/n/10 ##  1 "\"April 25 2022\"" JR         JR          group_1 A     sple~        0 TNTC[] 
 []


Overfull \hbox (85.5pt too wide) in paragraph at lines 493--493
[]\TU/lmtt/m/n/10 ##  2 "\"April 25 2022\"" JR         JR          group_1 A     sple~        1 TNTC[] 
 []


Overfull \hbox (75.0pt too wide) in paragraph at lines 493--493
[]\TU/lmtt/m/n/10 ##  3 "\"April 25 2022\"" JR         JR          group_1 A     sple~        2 53[] 
 []


Overfull \hbox (69.75pt too wide) in paragraph at lines 493--493
[]\TU/lmtt/m/n/10 ##  4 "\"April 25 2022\"" JR         JR          group_1 A     sple~        3 9[] 
 []


Overfull \hbox (69.75pt too wide) in paragraph at lines 493--493
[]\TU/lmtt/m/n/10 ##  5 "\"April 25 2022\"" JR         JR          group_1 A     sple~        4 4[] 
 []


Overfull \hbox (69.75pt too wide) in paragraph at lines 493--493
[]\TU/lmtt/m/n/10 ##  6 "\"April 25 2022\"" JR         JR          group_1 A     sple~        5 2[] 
 []


Overfull \hbox (69.75pt too wide) in paragraph at lines 493--493
[]\TU/lmtt/m/n/10 ##  7 "\"April 25 2022\"" JR         JR          group_1 A     sple~        6 1[] 
 []


Overfull \hbox (69.75pt too wide) in paragraph at lines 493--493
[]\TU/lmtt/m/n/10 ##  8 "\"April 25 2022\"" JR         JR          group_1 A     sple~        7 0[] 
 []


Overfull \hbox (85.5pt too wide) in paragraph at lines 493--493
[]\TU/lmtt/m/n/10 ##  9 "\"April 25 2022\"" JR         JR          group_1 B     sple~        0 TNTC[] 
 []


Overfull \hbox (85.5pt too wide) in paragraph at lines 493--493
[]\TU/lmtt/m/n/10 ## 10 "\"April 25 2022\"" JR         JR          group_1 B     sple~        1 TNTC[] 
 []

[17]
Overfull \hbox (85.5pt too wide) in paragraph at lines 511--511
[]\TU/lmtt/m/n/10 ##   count_date            who_plated who_counted groups mouse organ dilution CFUs[] 
 []


Overfull \hbox (90.75pt too wide) in paragraph at lines 511--511
[]\TU/lmtt/m/n/10 ##   <chr>                 <chr>      <chr>       <chr>  <chr> <chr>    <dbl> <chr>[] 
 []


Overfull \hbox (85.5pt too wide) in paragraph at lines 511--511
[]\TU/lmtt/m/n/10 ## 1 "\"February 21 2022\~ BK         BK          group~ A     lung         0 TNTC[] 
 []


Overfull \hbox (85.5pt too wide) in paragraph at lines 511--511
[]\TU/lmtt/m/n/10 ## 2 "\"February 21 2022\~ BK         BK          group~ A     lung         1 TNTC[] 
 []


Overfull \hbox (85.5pt too wide) in paragraph at lines 511--511
[]\TU/lmtt/m/n/10 ## 3 "\"February 21 2022\~ BK         BK          group~ A     lung         2 TNTC[] 
 []


Overfull \hbox (75.0pt too wide) in paragraph at lines 511--511
[]\TU/lmtt/m/n/10 ## 4 "\"February 21 2022\~ BK         BK          group~ A     lung         3 53[] 
 []


Overfull \hbox (69.75pt too wide) in paragraph at lines 511--511
[]\TU/lmtt/m/n/10 ## 5 "\"February 21 2022\~ BK         BK          group~ A     lung         4 9[] 
 []


Overfull \hbox (69.75pt too wide) in paragraph at lines 511--511
[]\TU/lmtt/m/n/10 ## 6 "\"February 21 2022\~ BK         BK          group~ A     lung         5 4[] 
 []


Overfull \hbox (50.94344pt too wide) has occurred while \output is active
\TU/lmr/m/n/10 18 \TU/lmr/m/sl/10 CHAPTER 5.  COLONY FORMING UNITS TO DETERMINE BACTERIAL COUNTS
 []

[18]
Overfull \hbox (85.5pt too wide) in paragraph at lines 575--575
[]\TU/lmtt/m/n/10 ##   count_date            who_plated who_counted groups mouse organ dilution CFUs[] 
 []


Overfull \hbox (90.75pt too wide) in paragraph at lines 575--575
[]\TU/lmtt/m/n/10 ##   <chr>                 <chr>      <chr>       <chr>  <chr> <chr>    <dbl> <chr>[] 
 []


Overfull \hbox (85.5pt too wide) in paragraph at lines 575--575
[]\TU/lmtt/m/n/10 ## 1 "\"February 21 2022\~ BK         BK          group~ A     lung         0 TNTC[] 
 []


Overfull \hbox (85.5pt too wide) in paragraph at lines 575--575
[]\TU/lmtt/m/n/10 ## 2 "\"February 21 2022\~ BK         BK          group~ A     lung         1 TNTC[] 
 []


Overfull \hbox (85.5pt too wide) in paragraph at lines 575--575
[]\TU/lmtt/m/n/10 ## 3 "\"February 21 2022\~ BK         BK          group~ A     lung         2 TNTC[] 
 []


Overfull \hbox (75.0pt too wide) in paragraph at lines 575--575
[]\TU/lmtt/m/n/10 ## 4 "\"February 21 2022\~ BK         BK          group~ A     lung         3 53[] 
 []


Overfull \hbox (69.75pt too wide) in paragraph at lines 575--575
[]\TU/lmtt/m/n/10 ## 5 "\"February 21 2022\~ BK         BK          group~ A     lung         4 9[] 
 []


Overfull \hbox (69.75pt too wide) in paragraph at lines 575--575
[]\TU/lmtt/m/n/10 ## 6 "\"February 21 2022\~ BK         BK          group~ A     lung         5 4[] 
 []


Overfull \hbox (90.75pt too wide) in paragraph at lines 613--613
[]\TU/lmtt/m/n/10 ##   count_date            who_plated who_counted groups mouse organ dilution  CFUs[] 
 []


Overfull \hbox (90.75pt too wide) in paragraph at lines 613--613
[]\TU/lmtt/m/n/10 ##   <chr>                 <chr>      <chr>       <chr>  <chr> <chr>    <dbl> <dbl>[] 
 []


Overfull \hbox (90.75pt too wide) in paragraph at lines 613--613
[]\TU/lmtt/m/n/10 ## 1 "\"February 21 2022\~ BK         BK          group~ A     lung         3    53[] 
 []


Overfull \hbox (90.75pt too wide) in paragraph at lines 613--613
[]\TU/lmtt/m/n/10 ## 2 "\"February 21 2022\~ BK         BK          group~ A     lung         4     9[] 
 []


Overfull \hbox (90.75pt too wide) in paragraph at lines 613--613
[]\TU/lmtt/m/n/10 ## 3 "\"February 21 2022\~ BK         BK          group~ C     lung         5     8[] 
 []


Overfull \hbox (90.75pt too wide) in paragraph at lines 613--613
[]\TU/lmtt/m/n/10 ## 4 "\"February 21 2022\~ BK         BK          group~ D     lung         3    53[] 
 []


Overfull \hbox (90.75pt too wide) in paragraph at lines 613--613
[]\TU/lmtt/m/n/10 ## 5 "\"February 21 2022\~ BK         BK          group~ A     lung         2    92[] 
 []


Overfull \hbox (90.75pt too wide) in paragraph at lines 613--613
[]\TU/lmtt/m/n/10 ## 6 "\"February 21 2022\~ BK         BK          group~ A     lung         4     7[] 
 []


Overfull \hbox (0.31189pt too wide) in paragraph at lines 616--616
[]\TU/lmr/bx/n/14.4 Calculate CFUs from best dilution/Estimate
 []

[19]
Overfull \hbox (90.75pt too wide) in paragraph at lines 654--654
[]\TU/lmtt/m/n/10 ##   organ count_date            who_plated who_counted groups mouse dilution  CFUs[] 
 []


Overfull \hbox (90.75pt too wide) in paragraph at lines 654--654
[]\TU/lmtt/m/n/10 ##   <chr> <chr>                 <chr>      <chr>       <chr>  <chr>    <dbl> <dbl>[] 
 []


Overfull \hbox (90.75pt too wide) in paragraph at lines 654--654
[]\TU/lmtt/m/n/10 ## 1 lung  "\"February 21 2022\~ BK         BK          group~ A            3    53[] 
 []


Overfull \hbox (90.75pt too wide) in paragraph at lines 654--654
[]\TU/lmtt/m/n/10 ## 2 lung  "\"February 21 2022\~ BK         BK          group~ A            4     9[] 
 []


Overfull \hbox (90.75pt too wide) in paragraph at lines 654--654
[]\TU/lmtt/m/n/10 ## 3 lung  "\"February 21 2022\~ BK         BK          group~ C            5     8[] 
 []


Overfull \hbox (90.75pt too wide) in paragraph at lines 654--654
[]\TU/lmtt/m/n/10 ## 4 lung  "\"February 21 2022\~ BK         BK          group~ D            3    53[] 
 []


Overfull \hbox (90.75pt too wide) in paragraph at lines 654--654
[]\TU/lmtt/m/n/10 ## 5 lung  "\"February 21 2022\~ BK         BK          group~ A            2    92[] 
 []


Overfull \hbox (90.75pt too wide) in paragraph at lines 654--654
[]\TU/lmtt/m/n/10 ## 6 lung  "\"February 21 2022\~ BK         BK          group~ A            4     7[] 
 []


Overfull \hbox (50.94344pt too wide) has occurred while \output is active
\TU/lmr/m/n/10 20 \TU/lmr/m/sl/10 CHAPTER 5.  COLONY FORMING UNITS TO DETERMINE BACTERIAL COUNTS
 []

[20]
File: csu-impactb_files/figure-latex/unnamed-chunk-17-1.pdf Graphic file (type pdf)
<use csu-impactb_files/figure-latex/unnamed-chunk-17-1.pdf>

Overfull \vbox (1.6024pt too high) detected at line 697
 []

[21]
Overfull \hbox (69.75pt too wide) in paragraph at lines 704--704
[]\TU/lmtt/m/n/10 ## Warning: The `.drop` argument of `unnest()` is deprecated as of tidyr 1.0.0.[] 
 []


Overfull \hbox (111.75pt too wide) in paragraph at lines 704--704
[]\TU/lmtt/m/n/10 ## Call `lifecycle::last_lifecycle_warnings()` to see where this warning was generated.[] 
 []


Overfull \hbox (27.75pt too wide) in paragraph at lines 728--728
[]\TU/lmtt/m/n/10 ##   organ  contrast1 contrast2 estimate conf.low conf.high adj.p.value[] 
 []


Overfull \hbox (27.75pt too wide) in paragraph at lines 728--728
[]\TU/lmtt/m/n/10 ##   <chr>  <chr>     <chr>        <dbl>    <dbl>     <dbl>       <dbl>[] 
 []


Overfull \hbox (22.5pt too wide) in paragraph at lines 728--728
[]\TU/lmtt/m/n/10 ## 1 lung   group_2   group_1    -60953. -138742.    16836.      0.171[] 
 []


Overfull \hbox (27.75pt too wide) in paragraph at lines 728--728
[]\TU/lmtt/m/n/10 ## 2 lung   group_3   group_1    -63903. -135699.     7893.      0.0963[] 
 []


Overfull \hbox (22.5pt too wide) in paragraph at lines 728--728
[]\TU/lmtt/m/n/10 ## 3 lung   group_4   group_1    -26214. -102416.    49987.      0.793[] 
 []


Overfull \hbox (22.5pt too wide) in paragraph at lines 728--728
[]\TU/lmtt/m/n/10 ## 4 lung   group_3   group_2     -2950.  -69900.    64000.      0.999[] 
 []


Overfull \hbox (22.5pt too wide) in paragraph at lines 728--728
[]\TU/lmtt/m/n/10 ## 5 lung   group_4   group_2     34739.  -36915.   106393.      0.569[] 
 []


Overfull \hbox (22.5pt too wide) in paragraph at lines 728--728
[]\TU/lmtt/m/n/10 ## 6 lung   group_4   group_3     37689.  -27410.   102787.      0.417[] 
 []


Overfull \hbox (27.75pt too wide) in paragraph at lines 728--728
[]\TU/lmtt/m/n/10 ## 7 spleen group_2   group_1     -6565   -13529.      399.      0.0656[] 
 []


Overfull \hbox (27.75pt too wide) in paragraph at lines 728--728
[]\TU/lmtt/m/n/10 ## 8 spleen group_3   group_1     -7310   -13341.    -1279.      0.0178[] 
 []


Overfull \hbox (22.5pt too wide) in paragraph at lines 728--728
[]\TU/lmtt/m/n/10 ## 9 spleen group_3   group_2      -745.   -6776.     5286.      0.943[] 
 []


Overfull \hbox (50.94344pt too wide) has occurred while \output is active
\TU/lmr/m/n/10 22 \TU/lmr/m/sl/10 CHAPTER 5.  COLONY FORMING UNITS TO DETERMINE BACTERIAL COUNTS
 []

[22]
Chapter 6.
[23

]
File: DATA/elisa.png Graphic file (type bmp)
<DATA/elisa.png>

Underfull \vbox (badness 6396) has occurred while \output is active []

[24] [25]
Overfull \hbox (90.75pt too wide) in paragraph at lines 838--838
[]\TU/lmtt/m/n/10 ##   ...1          ...2  ...3 ...4   ...5  ...6 ...7   ...8  ...9 ...10 ...11 ...12[] 
 []


Overfull \hbox (90.75pt too wide) in paragraph at lines 838--838
[]\TU/lmtt/m/n/10 ##   <chr>        <dbl> <dbl> <chr> <dbl> <dbl> <chr> <dbl> <dbl> <chr> <dbl> <dbl>[] 
 []


Overfull \hbox (85.5pt too wide) in paragraph at lines 838--838
[]\TU/lmtt/m/n/10 ## 1 5.199999999~ 0.05  0.069 6.3E~ 0.061 0.122 0.16~ 0.145 0.135 6.80~ 0.053 0.05[] 
 []


Overfull \hbox (90.75pt too wide) in paragraph at lines 838--838
[]\TU/lmtt/m/n/10 ## 2 7.900000000~ 0.098 0.069 6.80~ 0.115 0.202 5.89~ 0.134 0.069 0.106 0.05  0.075[] 
 []


Overfull \hbox (85.5pt too wide) in paragraph at lines 838--838
[]\TU/lmtt/m/n/10 ## 3 8.899999999~ 0.133 0.119 OVRF~ 3.87  2.32  OVRF~ 3.85  2.12  OVRF~ 3.21  1.02[] 
 []


Overfull \hbox (85.5pt too wide) in paragraph at lines 838--838
[]\TU/lmtt/m/n/10 ## 4 OVRFLW       3.46  1.16  OVRF~ 3.80  2.36  OVRF~ 3.70  1.49  OVRF~ 3.68  1.63[] 
 []


Overfull \hbox (85.5pt too wide) in paragraph at lines 838--838
[]\TU/lmtt/m/n/10 ## 5 3.815999999~ 1.82  0.446 3.89~ 3.42  1.13  OVRF~ 2.33  0.608 OVRF~ 3.41  1.10[] 
 []


Overfull \hbox (90.75pt too wide) in paragraph at lines 838--838
[]\TU/lmtt/m/n/10 ## 6 OVRFLW       3.69  1.43  OVRF~ 3.66  1.27  3.839 1.74  0.444 2.49~ 0.637 0.704[] 
 []


Overfull \hbox (6.75pt too wide) in paragraph at lines 860--860
[]\TU/lmtt/m/n/10 ## Warning in mask$eval_all_mutate(quo): NAs introduced by coercion[] 
 []


Overfull \hbox (6.75pt too wide) in paragraph at lines 860--860
[]\TU/lmtt/m/n/10 ## Warning in mask$eval_all_mutate(quo): NAs introduced by coercion[] 
 []


Overfull \hbox (6.75pt too wide) in paragraph at lines 860--860
[]\TU/lmtt/m/n/10 ## Warning in mask$eval_all_mutate(quo): NAs introduced by coercion[] 
 []


Overfull \hbox (6.75pt too wide) in paragraph at lines 860--860
[]\TU/lmtt/m/n/10 ## Warning in mask$eval_all_mutate(quo): NAs introduced by coercion[] 
 []

[26] [27]
Overfull \hbox (90.75pt too wide) in paragraph at lines 938--938
[]\TU/lmtt/m/n/10 ##   ...1        ...2   ...3  ...4  ...5  ...6  ...7  ...8  ...9  ...10 ...11 ...12[] 
 []


Overfull \hbox (90.75pt too wide) in paragraph at lines 938--938
[]\TU/lmtt/m/n/10 ##   <chr>       <chr>  <chr> <chr> <chr> <chr> <chr> <chr> <chr> <chr> <chr> <chr>[] 
 []


Overfull \hbox (90.75pt too wide) in paragraph at lines 938--938
[]\TU/lmtt/m/n/10 ## 1 blank       secon~ nav~ 1A-1~ 1A-1~ 1A-1~ 1A-2~ 1A-2~ 1A-2~ 1A-3~ 1A-3~ 1A-3~[] 
 []


Overfull \hbox (90.75pt too wide) in paragraph at lines 938--938
[]\TU/lmtt/m/n/10 ## 2 1A-4 (1/250 1A-4 ~ 1A-4~ 1B-1~ 1B-1~ 1B-1~ 1B-2~ 1B-2~ 1B-2~ 1B-3~ 1B-3~ 1B-3~[] 
 []


Overfull \hbox (90.75pt too wide) in paragraph at lines 938--938
[]\TU/lmtt/m/n/10 ## 3 1B-4 (1/250 1B-4 ~ 1B-4~ 2A-1~ 2A-1~ 2A-1~ 2A-2~ 2A-2~ 2A-2~ 2A-3~ 2A-3~ 2A-3~[] 
 []


Overfull \hbox (90.75pt too wide) in paragraph at lines 938--938
[]\TU/lmtt/m/n/10 ## 4 2B-1 (1/250 2B-1 ~ 2B-1~ 2B-2~ 2B-2~ 2B-2~ 2B-3~ 2B-3~ 2B-3~ 2B-4~ 2B-4~ 2B-4~[] 
 []


Overfull \hbox (90.75pt too wide) in paragraph at lines 938--938
[]\TU/lmtt/m/n/10 ## 5 3A-1 (1/250 3A-1 ~ 3A-1~ 3A-2~ 3A-2~ 3A-2~ 3A-3~ 3A-3~ 3A-3~ 3A-4~ 3A-4~ 3A-4~[] 
 []


Overfull \hbox (90.75pt too wide) in paragraph at lines 938--938
[]\TU/lmtt/m/n/10 ## 6 3B-1 (1/250 3B-1 ~ 3B-1~ 3B-2~ 3B-2~ 3B-2~ 3B-3~ 3B-3~ 3B-3~ 3B-4~ 3B-4~ 3B-4~[] 
 []


Underfull \vbox (badness 5331) has occurred while \output is active []

[28]
Overfull \hbox (75.0pt too wide) in paragraph at lines 1009--1009
[]\TU/lmtt/m/n/10 ## Warning: Expected 2 pieces. Missing pieces filled with `NA` in 2 rows [1, 2].[] 
 []

[29] [30] [31] [32]
File: csu-impactb_files/figure-latex/unnamed-chunk-28-1.pdf Graphic file (type pdf)
<use csu-impactb_files/figure-latex/unnamed-chunk-28-1.pdf>
[33] [34]
Overfull \hbox (80.25pt too wide) in paragraph at lines 1405--1405
[]\TU/lmtt/m/n/10 ##      Groups numerator denomenator mouse_id absorbance    dilution log_dilution[] 
 []


Overfull \hbox (80.25pt too wide) in paragraph at lines 1405--1405
[]\TU/lmtt/m/n/10 ## 1   Group 1         1          50  Mouse_1       4.10 2.00000e-02    -5.643856[] 
 []


Overfull \hbox (80.25pt too wide) in paragraph at lines 1405--1405
[]\TU/lmtt/m/n/10 ## 2   Group 1         1          50  Mouse_2       3.90 2.00000e-02    -5.643856[] 
 []


Overfull \hbox (80.25pt too wide) in paragraph at lines 1405--1405
[]\TU/lmtt/m/n/10 ## 3   Group 1         1          50  Mouse_3       4.30 2.00000e-02    -5.643856[] 
 []


Overfull \hbox (80.25pt too wide) in paragraph at lines 1405--1405
[]\TU/lmtt/m/n/10 ## 4   Group 1         1          50  Mouse_4       4.20 2.00000e-02    -5.643856[] 
 []


Overfull \hbox (80.25pt too wide) in paragraph at lines 1405--1405
[]\TU/lmtt/m/n/10 ## 5   Group 1         1          50  Mouse_5       4.00 2.00000e-02    -5.643856[] 
 []


Overfull \hbox (80.25pt too wide) in paragraph at lines 1405--1405
[]\TU/lmtt/m/n/10 ## 6   Group 1         1         100  Mouse_1       3.90 1.00000e-02    -6.643856[] 
 []


Overfull \hbox (80.25pt too wide) in paragraph at lines 1405--1405
[]\TU/lmtt/m/n/10 ## 7   Group 1         1         100  Mouse_2       3.80 1.00000e-02    -6.643856[] 
 []


Overfull \hbox (80.25pt too wide) in paragraph at lines 1405--1405
[]\TU/lmtt/m/n/10 ## 8   Group 1         1         100  Mouse_3       3.60 1.00000e-02    -6.643856[] 
 []


Overfull \hbox (80.25pt too wide) in paragraph at lines 1405--1405
[]\TU/lmtt/m/n/10 ## 9   Group 1         1         100  Mouse_4       3.70 1.00000e-02    -6.643856[] 
 []


Overfull \hbox (80.25pt too wide) in paragraph at lines 1405--1405
[]\TU/lmtt/m/n/10 ## 10  Group 1         1         100  Mouse_5       3.80 1.00000e-02    -6.643856[] 
 []


Overfull \hbox (80.25pt too wide) in paragraph at lines 1405--1405
[]\TU/lmtt/m/n/10 ## 11  Group 1         1         200  Mouse_1       3.42 5.00000e-03    -7.643856[] 
 []


Overfull \hbox (80.25pt too wide) in paragraph at lines 1405--1405
[]\TU/lmtt/m/n/10 ## 12  Group 1         1         200  Mouse_2       3.35 5.00000e-03    -7.643856[] 
 []


Overfull \hbox (80.25pt too wide) in paragraph at lines 1405--1405
[]\TU/lmtt/m/n/10 ## 13  Group 1         1         200  Mouse_3       3.56 5.00000e-03    -7.643856[] 
 []


Overfull \hbox (80.25pt too wide) in paragraph at lines 1405--1405
[]\TU/lmtt/m/n/10 ## 14  Group 1         1         200  Mouse_4       3.28 5.00000e-03    -7.643856[] 
 []


Overfull \hbox (80.25pt too wide) in paragraph at lines 1405--1405
[]\TU/lmtt/m/n/10 ## 15  Group 1         1         200  Mouse_5       3.29 5.00000e-03    -7.643856[] 
 []


Overfull \hbox (80.25pt too wide) in paragraph at lines 1405--1405
[]\TU/lmtt/m/n/10 ## 16  Group 1         1         400  Mouse_1       2.89 2.50000e-03    -8.643856[] 
 []


Overfull \hbox (80.25pt too wide) in paragraph at lines 1405--1405
[]\TU/lmtt/m/n/10 ## 17  Group 1         1         400  Mouse_2       2.98 2.50000e-03    -8.643856[] 
 []


Overfull \hbox (80.25pt too wide) in paragraph at lines 1405--1405
[]\TU/lmtt/m/n/10 ## 18  Group 1         1         400  Mouse_3       2.64 2.50000e-03    -8.643856[] 
 []


Overfull \hbox (80.25pt too wide) in paragraph at lines 1405--1405
[]\TU/lmtt/m/n/10 ## 19  Group 1         1         400  Mouse_4       2.78 2.50000e-03    -8.643856[] 
 []


Overfull \hbox (80.25pt too wide) in paragraph at lines 1405--1405
[]\TU/lmtt/m/n/10 ## 20  Group 1         1         400  Mouse_5       2.91 2.50000e-03    -8.643856[] 
 []


Overfull \hbox (80.25pt too wide) in paragraph at lines 1405--1405
[]\TU/lmtt/m/n/10 ## 21  Group 1         1         800  Mouse_1       2.12 1.25000e-03    -9.643856[] 
 []


Overfull \hbox (80.25pt too wide) in paragraph at lines 1405--1405
[]\TU/lmtt/m/n/10 ## 22  Group 1         1         800  Mouse_2       2.18 1.25000e-03    -9.643856[] 
 []


Overfull \hbox (80.25pt too wide) in paragraph at lines 1405--1405
[]\TU/lmtt/m/n/10 ## 23  Group 1         1         800  Mouse_3       2.17 1.25000e-03    -9.643856[] 
 []


Overfull \hbox (80.25pt too wide) in paragraph at lines 1405--1405
[]\TU/lmtt/m/n/10 ## 24  Group 1         1         800  Mouse_4       2.14 1.25000e-03    -9.643856[] 
 []


Overfull \hbox (80.25pt too wide) in paragraph at lines 1405--1405
[]\TU/lmtt/m/n/10 ## 25  Group 1         1         800  Mouse_5       2.21 1.25000e-03    -9.643856[] 
 []

[35]
Overfull \hbox (80.25pt too wide) in paragraph at lines 1405--1405
[]\TU/lmtt/m/n/10 ## 26  Group 1         1        1600  Mouse_1       1.89 6.25000e-04   -10.643856[] 
 []


Overfull \hbox (80.25pt too wide) in paragraph at lines 1405--1405
[]\TU/lmtt/m/n/10 ## 27  Group 1         1        1600  Mouse_2       1.98 6.25000e-04   -10.643856[] 
 []


Overfull \hbox (80.25pt too wide) in paragraph at lines 1405--1405
[]\TU/lmtt/m/n/10 ## 28  Group 1         1        1600  Mouse_3       1.76 6.25000e-04   -10.643856[] 
 []


Overfull \hbox (80.25pt too wide) in paragraph at lines 1405--1405
[]\TU/lmtt/m/n/10 ## 29  Group 1         1        1600  Mouse_4       1.69 6.25000e-04   -10.643856[] 
 []


Overfull \hbox (80.25pt too wide) in paragraph at lines 1405--1405
[]\TU/lmtt/m/n/10 ## 30  Group 1         1        1600  Mouse_5       1.82 6.25000e-04   -10.643856[] 
 []


Overfull \hbox (80.25pt too wide) in paragraph at lines 1405--1405
[]\TU/lmtt/m/n/10 ## 31  Group 1         1        3200  Mouse_1       0.97 3.12500e-04   -11.643856[] 
 []


Overfull \hbox (80.25pt too wide) in paragraph at lines 1405--1405
[]\TU/lmtt/m/n/10 ## 32  Group 1         1        3200  Mouse_2       0.85 3.12500e-04   -11.643856[] 
 []


Overfull \hbox (80.25pt too wide) in paragraph at lines 1405--1405
[]\TU/lmtt/m/n/10 ## 33  Group 1         1        3200  Mouse_3       0.88 3.12500e-04   -11.643856[] 
 []


Overfull \hbox (80.25pt too wide) in paragraph at lines 1405--1405
[]\TU/lmtt/m/n/10 ## 34  Group 1         1        3200  Mouse_4       0.84 3.12500e-04   -11.643856[] 
 []


Overfull \hbox (80.25pt too wide) in paragraph at lines 1405--1405
[]\TU/lmtt/m/n/10 ## 35  Group 1         1        3200  Mouse_5       0.91 3.12500e-04   -11.643856[] 
 []


Overfull \hbox (80.25pt too wide) in paragraph at lines 1405--1405
[]\TU/lmtt/m/n/10 ## 36  Group 1         1        6400  Mouse_1       0.52 1.56250e-04   -12.643856[] 
 []


Overfull \hbox (80.25pt too wide) in paragraph at lines 1405--1405
[]\TU/lmtt/m/n/10 ## 37  Group 1         1        6400  Mouse_2       0.48 1.56250e-04   -12.643856[] 
 []


Overfull \hbox (80.25pt too wide) in paragraph at lines 1405--1405
[]\TU/lmtt/m/n/10 ## 38  Group 1         1        6400  Mouse_3       0.42 1.56250e-04   -12.643856[] 
 []


Overfull \hbox (80.25pt too wide) in paragraph at lines 1405--1405
[]\TU/lmtt/m/n/10 ## 39  Group 1         1        6400  Mouse_4       0.48 1.56250e-04   -12.643856[] 
 []


Overfull \hbox (80.25pt too wide) in paragraph at lines 1405--1405
[]\TU/lmtt/m/n/10 ## 40  Group 1         1        6400  Mouse_5       0.47 1.56250e-04   -12.643856[] 
 []


Overfull \hbox (80.25pt too wide) in paragraph at lines 1405--1405
[]\TU/lmtt/m/n/10 ## 41  Group 1         1       12800  Mouse_1       0.26 7.81250e-05   -13.643856[] 
 []


Overfull \hbox (80.25pt too wide) in paragraph at lines 1405--1405
[]\TU/lmtt/m/n/10 ## 42  Group 1         1       12800  Mouse_2       0.21 7.81250e-05   -13.643856[] 
 []


Overfull \hbox (80.25pt too wide) in paragraph at lines 1405--1405
[]\TU/lmtt/m/n/10 ## 43  Group 1         1       12800  Mouse_3       0.27 7.81250e-05   -13.643856[] 
 []


Overfull \hbox (80.25pt too wide) in paragraph at lines 1405--1405
[]\TU/lmtt/m/n/10 ## 44  Group 1         1       12800  Mouse_4       0.26 7.81250e-05   -13.643856[] 
 []


Overfull \hbox (80.25pt too wide) in paragraph at lines 1405--1405
[]\TU/lmtt/m/n/10 ## 45  Group 1         1       12800  Mouse_5       0.28 7.81250e-05   -13.643856[] 
 []


Overfull \hbox (80.25pt too wide) in paragraph at lines 1405--1405
[]\TU/lmtt/m/n/10 ## 46  Group 1         1       25600  Mouse_1       0.12 3.90625e-05   -14.643856[] 
 []


Overfull \hbox (80.25pt too wide) in paragraph at lines 1405--1405
[]\TU/lmtt/m/n/10 ## 47  Group 1         1       25600  Mouse_2       0.16 3.90625e-05   -14.643856[] 
 []


Overfull \hbox (80.25pt too wide) in paragraph at lines 1405--1405
[]\TU/lmtt/m/n/10 ## 48  Group 1         1       25600  Mouse_3       0.17 3.90625e-05   -14.643856[] 
 []


Overfull \hbox (80.25pt too wide) in paragraph at lines 1405--1405
[]\TU/lmtt/m/n/10 ## 49  Group 1         1       25600  Mouse_4       0.16 3.90625e-05   -14.643856[] 
 []


Overfull \hbox (80.25pt too wide) in paragraph at lines 1405--1405
[]\TU/lmtt/m/n/10 ## 50  Group 1         1       25600  Mouse_5       0.14 3.90625e-05   -14.643856[] 
 []


Overfull \hbox (80.25pt too wide) in paragraph at lines 1405--1405
[]\TU/lmtt/m/n/10 ## 51  Group 2         1          50  Mouse_1       3.20 2.00000e-02    -5.643856[] 
 []


Overfull \hbox (80.25pt too wide) in paragraph at lines 1405--1405
[]\TU/lmtt/m/n/10 ## 52  Group 2         1          50  Mouse_2       3.40 2.00000e-02    -5.643856[] 
 []


Overfull \hbox (80.25pt too wide) in paragraph at lines 1405--1405
[]\TU/lmtt/m/n/10 ## 53  Group 2         1          50  Mouse_3       3.60 2.00000e-02    -5.643856[] 
 []


Overfull \hbox (80.25pt too wide) in paragraph at lines 1405--1405
[]\TU/lmtt/m/n/10 ## 54  Group 2         1          50  Mouse_4       3.20 2.00000e-02    -5.643856[] 
 []


Overfull \hbox (80.25pt too wide) in paragraph at lines 1405--1405
[]\TU/lmtt/m/n/10 ## 55  Group 2         1          50  Mouse_5       3.70 2.00000e-02    -5.643856[] 
 []


Overfull \hbox (80.25pt too wide) in paragraph at lines 1405--1405
[]\TU/lmtt/m/n/10 ## 56  Group 2         1         100  Mouse_1       2.90 1.00000e-02    -6.643856[] 
 []


Overfull \hbox (80.25pt too wide) in paragraph at lines 1405--1405
[]\TU/lmtt/m/n/10 ## 57  Group 2         1         100  Mouse_2       2.80 1.00000e-02    -6.643856[] 
 []


Overfull \hbox (80.25pt too wide) in paragraph at lines 1405--1405
[]\TU/lmtt/m/n/10 ## 58  Group 2         1         100  Mouse_3       2.70 1.00000e-02    -6.643856[] 
 []


Overfull \hbox (80.25pt too wide) in paragraph at lines 1405--1405
[]\TU/lmtt/m/n/10 ## 59  Group 2         1         100  Mouse_4       2.80 1.00000e-02    -6.643856[] 
 []


Overfull \hbox (80.25pt too wide) in paragraph at lines 1405--1405
[]\TU/lmtt/m/n/10 ## 60  Group 2         1         100  Mouse_5       2.80 1.00000e-02    -6.643856[] 
 []


Overfull \hbox (80.25pt too wide) in paragraph at lines 1405--1405
[]\TU/lmtt/m/n/10 ## 61  Group 2         1         200  Mouse_1       2.32 5.00000e-03    -7.643856[] 
 []


Overfull \hbox (80.25pt too wide) in paragraph at lines 1405--1405
[]\TU/lmtt/m/n/10 ## 62  Group 2         1         200  Mouse_2       2.35 5.00000e-03    -7.643856[] 
 []


Overfull \hbox (80.25pt too wide) in paragraph at lines 1405--1405
[]\TU/lmtt/m/n/10 ## 63  Group 2         1         200  Mouse_3       2.56 5.00000e-03    -7.643856[] 
 []


Overfull \hbox (80.25pt too wide) in paragraph at lines 1405--1405
[]\TU/lmtt/m/n/10 ## 64  Group 2         1         200  Mouse_4       2.28 5.00000e-03    -7.643856[] 
 []


Overfull \hbox (80.25pt too wide) in paragraph at lines 1405--1405
[]\TU/lmtt/m/n/10 ## 65  Group 2         1         200  Mouse_5       2.29 5.00000e-03    -7.643856[] 
 []


Overfull \hbox (80.25pt too wide) in paragraph at lines 1405--1405
[]\TU/lmtt/m/n/10 ## 66  Group 2         1         400  Mouse_1       1.89 2.50000e-03    -8.643856[] 
 []


Overfull \hbox (80.25pt too wide) in paragraph at lines 1405--1405
[]\TU/lmtt/m/n/10 ## 67  Group 2         1         400  Mouse_2       1.98 2.50000e-03    -8.643856[] 
 []


Overfull \hbox (80.25pt too wide) in paragraph at lines 1405--1405
[]\TU/lmtt/m/n/10 ## 68  Group 2         1         400  Mouse_3       1.64 2.50000e-03    -8.643856[] 
 []


Overfull \hbox (80.25pt too wide) in paragraph at lines 1405--1405
[]\TU/lmtt/m/n/10 ## 69  Group 2         1         400  Mouse_4       1.78 2.50000e-03    -8.643856[] 
 []


Overfull \hbox (80.25pt too wide) in paragraph at lines 1405--1405
[]\TU/lmtt/m/n/10 ## 70  Group 2         1         400  Mouse_5       1.91 2.50000e-03    -8.643856[] 
 []

[36]
Overfull \hbox (80.25pt too wide) in paragraph at lines 1405--1405
[]\TU/lmtt/m/n/10 ## 71  Group 2         1         800  Mouse_1       1.12 1.25000e-03    -9.643856[] 
 []


Overfull \hbox (80.25pt too wide) in paragraph at lines 1405--1405
[]\TU/lmtt/m/n/10 ## 72  Group 2         1         800  Mouse_2       1.18 1.25000e-03    -9.643856[] 
 []


Overfull \hbox (80.25pt too wide) in paragraph at lines 1405--1405
[]\TU/lmtt/m/n/10 ## 73  Group 2         1         800  Mouse_3       1.17 1.25000e-03    -9.643856[] 
 []


Overfull \hbox (80.25pt too wide) in paragraph at lines 1405--1405
[]\TU/lmtt/m/n/10 ## 74  Group 2         1         800  Mouse_4       1.14 1.25000e-03    -9.643856[] 
 []


Overfull \hbox (80.25pt too wide) in paragraph at lines 1405--1405
[]\TU/lmtt/m/n/10 ## 75  Group 2         1         800  Mouse_5       1.21 1.25000e-03    -9.643856[] 
 []


Overfull \hbox (80.25pt too wide) in paragraph at lines 1405--1405
[]\TU/lmtt/m/n/10 ## 76  Group 2         1        1600  Mouse_1       0.89 6.25000e-04   -10.643856[] 
 []


Overfull \hbox (80.25pt too wide) in paragraph at lines 1405--1405
[]\TU/lmtt/m/n/10 ## 77  Group 2         1        1600  Mouse_2       0.98 6.25000e-04   -10.643856[] 
 []


Overfull \hbox (80.25pt too wide) in paragraph at lines 1405--1405
[]\TU/lmtt/m/n/10 ## 78  Group 2         1        1600  Mouse_3       0.76 6.25000e-04   -10.643856[] 
 []


Overfull \hbox (80.25pt too wide) in paragraph at lines 1405--1405
[]\TU/lmtt/m/n/10 ## 79  Group 2         1        1600  Mouse_4       0.69 6.25000e-04   -10.643856[] 
 []


Overfull \hbox (80.25pt too wide) in paragraph at lines 1405--1405
[]\TU/lmtt/m/n/10 ## 80  Group 2         1        1600  Mouse_5       0.82 6.25000e-04   -10.643856[] 
 []


Overfull \hbox (80.25pt too wide) in paragraph at lines 1405--1405
[]\TU/lmtt/m/n/10 ## 81  Group 2         1        3200  Mouse_1       0.47 3.12500e-04   -11.643856[] 
 []


Overfull \hbox (80.25pt too wide) in paragraph at lines 1405--1405
[]\TU/lmtt/m/n/10 ## 82  Group 2         1        3200  Mouse_2       0.45 3.12500e-04   -11.643856[] 
 []


Overfull \hbox (80.25pt too wide) in paragraph at lines 1405--1405
[]\TU/lmtt/m/n/10 ## 83  Group 2         1        3200  Mouse_3       0.48 3.12500e-04   -11.643856[] 
 []


Overfull \hbox (80.25pt too wide) in paragraph at lines 1405--1405
[]\TU/lmtt/m/n/10 ## 84  Group 2         1        3200  Mouse_4       0.44 3.12500e-04   -11.643856[] 
 []


Overfull \hbox (80.25pt too wide) in paragraph at lines 1405--1405
[]\TU/lmtt/m/n/10 ## 85  Group 2         1        3200  Mouse_5       0.41 3.12500e-04   -11.643856[] 
 []


Overfull \hbox (80.25pt too wide) in paragraph at lines 1405--1405
[]\TU/lmtt/m/n/10 ## 86  Group 2         1        6400  Mouse_1       0.20 1.56250e-04   -12.643856[] 
 []


Overfull \hbox (80.25pt too wide) in paragraph at lines 1405--1405
[]\TU/lmtt/m/n/10 ## 87  Group 2         1        6400  Mouse_2       0.28 1.56250e-04   -12.643856[] 
 []


Overfull \hbox (80.25pt too wide) in paragraph at lines 1405--1405
[]\TU/lmtt/m/n/10 ## 88  Group 2         1        6400  Mouse_3       0.22 1.56250e-04   -12.643856[] 
 []


Overfull \hbox (80.25pt too wide) in paragraph at lines 1405--1405
[]\TU/lmtt/m/n/10 ## 89  Group 2         1        6400  Mouse_4       0.28 1.56250e-04   -12.643856[] 
 []


Overfull \hbox (80.25pt too wide) in paragraph at lines 1405--1405
[]\TU/lmtt/m/n/10 ## 90  Group 2         1        6400  Mouse_5       0.27 1.56250e-04   -12.643856[] 
 []


Overfull \hbox (80.25pt too wide) in paragraph at lines 1405--1405
[]\TU/lmtt/m/n/10 ## 91  Group 2         1       12800  Mouse_1       0.16 7.81250e-05   -13.643856[] 
 []


Overfull \hbox (80.25pt too wide) in paragraph at lines 1405--1405
[]\TU/lmtt/m/n/10 ## 92  Group 2         1       12800  Mouse_2       0.11 7.81250e-05   -13.643856[] 
 []


Overfull \hbox (80.25pt too wide) in paragraph at lines 1405--1405
[]\TU/lmtt/m/n/10 ## 93  Group 2         1       12800  Mouse_3       0.17 7.81250e-05   -13.643856[] 
 []


Overfull \hbox (80.25pt too wide) in paragraph at lines 1405--1405
[]\TU/lmtt/m/n/10 ## 94  Group 2         1       12800  Mouse_4       0.16 7.81250e-05   -13.643856[] 
 []


Overfull \hbox (80.25pt too wide) in paragraph at lines 1405--1405
[]\TU/lmtt/m/n/10 ## 95  Group 2         1       12800  Mouse_5       0.18 7.81250e-05   -13.643856[] 
 []


Overfull \hbox (80.25pt too wide) in paragraph at lines 1405--1405
[]\TU/lmtt/m/n/10 ## 96  Group 2         1       25600  Mouse_1       0.02 3.90625e-05   -14.643856[] 
 []


Overfull \hbox (80.25pt too wide) in paragraph at lines 1405--1405
[]\TU/lmtt/m/n/10 ## 97  Group 2         1       25600  Mouse_2       0.06 3.90625e-05   -14.643856[] 
 []


Overfull \hbox (80.25pt too wide) in paragraph at lines 1405--1405
[]\TU/lmtt/m/n/10 ## 98  Group 2         1       25600  Mouse_3       0.04 3.90625e-05   -14.643856[] 
 []


Overfull \hbox (80.25pt too wide) in paragraph at lines 1405--1405
[]\TU/lmtt/m/n/10 ## 99  Group 2         1       25600  Mouse_4       0.08 3.90625e-05   -14.643856[] 
 []


Overfull \hbox (80.25pt too wide) in paragraph at lines 1405--1405
[]\TU/lmtt/m/n/10 ## 100 Group 2         1       25600  Mouse_5       0.06 3.90625e-05   -14.643856[] 
 []


Overfull \hbox (90.75pt too wide) in paragraph at lines 1420--1420
[]\TU/lmtt/m/n/10 ## `summarise()` has grouped output by 'Groups', 'mouse_id'. You can override using[] 
 []

[37]
File: csu-impactb_files/figure-latex/unnamed-chunk-34-1.pdf Graphic file (type pdf)
<use csu-impactb_files/figure-latex/unnamed-chunk-34-1.pdf>
[38] [39]
Underfull \hbox (badness 1400) in paragraph at lines 1532--1532
[]\TU/lmr/bx/n/12 Apply the fitted model function to the whole
 []

[40]
Overfull \hbox (90.75pt too wide) in paragraph at lines 1599--1599
[]\TU/lmtt/m/n/10 ##    Groups  mouse_id data     fitted_data  sigma isConv     finTol logLik     AIC[] 
 []


Overfull \hbox (90.75pt too wide) in paragraph at lines 1599--1599
[]\TU/lmtt/m/n/10 ##    <chr>   <chr>    <list>   <list>       <dbl> <lgl>       <dbl>  <dbl>   <dbl>[] 
 []


Overfull \hbox (85.5pt too wide) in paragraph at lines 1599--1599
[]\TU/lmtt/m/n/10 ##  1 Group 1 Mouse_1  <tibble> <nls>       0.141  TRUE      1.49e-8   7.93  -5.86[] 
 []


Overfull \hbox (90.75pt too wide) in paragraph at lines 1599--1599
[]\TU/lmtt/m/n/10 ##  2 Group 1 Mouse_2  <tibble> <nls>       0.188  TRUE      1.49e-8   5.10  -0.208[] 
 []


Overfull \hbox (85.5pt too wide) in paragraph at lines 1599--1599
[]\TU/lmtt/m/n/10 ##  3 Group 1 Mouse_3  <tibble> <nls>       0.204  TRUE      1.49e-8   4.25   1.49[] 
 []


Overfull \hbox (85.5pt too wide) in paragraph at lines 1599--1599
[]\TU/lmtt/m/n/10 ##  4 Group 1 Mouse_4  <tibble> <nls>       0.132  TRUE      1.49e-8   8.65  -7.30[] 
 []


Overfull \hbox (85.5pt too wide) in paragraph at lines 1599--1599
[]\TU/lmtt/m/n/10 ##  5 Group 1 Mouse_5  <tibble> <nls>       0.134  TRUE      1.49e-8   8.50  -6.99[] 
 []


Overfull \hbox (80.25pt too wide) in paragraph at lines 1599--1599
[]\TU/lmtt/m/n/10 ##  6 Group 2 Mouse_1  <tibble> <nls>       0.0838 TRUE      1.49e-8  13.2  -16.3[] 
 []


Overfull \hbox (85.5pt too wide) in paragraph at lines 1599--1599
[]\TU/lmtt/m/n/10 ##  7 Group 2 Mouse_2  <tibble> <nls>       0.118  TRUE      1.49e-8   9.71  -9.41[] 
 []


Overfull \hbox (85.5pt too wide) in paragraph at lines 1599--1599
[]\TU/lmtt/m/n/10 ##  8 Group 2 Mouse_3  <tibble> <nls>       0.154  TRUE      1.49e-8   7.07  -4.14[] 
 []


Overfull \hbox (80.25pt too wide) in paragraph at lines 1599--1599
[]\TU/lmtt/m/n/10 ##  9 Group 2 Mouse_4  <tibble> <nls>       0.0430 TRUE      1.49e-8  19.8  -29.7[] 
 []


Overfull \hbox (85.5pt too wide) in paragraph at lines 1599--1599
[]\TU/lmtt/m/n/10 ## 10 Group 2 Mouse_5  <tibble> <nls>       0.126  TRUE      1.49e-8   9.11  -8.23[] 
 []


Overfull \hbox (59.25pt too wide) in paragraph at lines 1599--1599
[]\TU/lmtt/m/n/10 ## # ... with 4 more variables: BIC <dbl>, deviance <dbl>, df.residual <int>,[] 
 []

[41] [42

]
Chapter 7.

Overfull \hbox (1.5pt too wide) in paragraph at lines 1623--1623
[]\TU/lmtt/m/n/10 ## Warning: package 'RColorBrewer' was built under R version 4.1.2[] 
 []

[43] [44]
Overfull \hbox (111.75pt too wide) in paragraph at lines 1743--1743
[]\TU/lmtt/m/n/10 ## Call `lifecycle::last_lifecycle_warnings()` to see where this warning was generated.[] 
 []


Underfull \vbox (badness 10000) has occurred while \output is active []

[45]
Overfull \hbox (59.25pt too wide) in paragraph at lines 1824--1824
[]\TU/lmtt/m/n/10 ##    day   replicate cell_types                           percentage_of_CD45[] 
 []


Overfull \hbox (59.25pt too wide) in paragraph at lines 1824--1824
[]\TU/lmtt/m/n/10 ##    <chr> <chr>     <chr>                                             <dbl>[] 
 []


Overfull \hbox (54.0pt too wide) in paragraph at lines 1824--1824
[]\TU/lmtt/m/n/10 ##  1 CNT   1         "CD45+ "                                          82.9[] 
 []


Overfull \hbox (54.0pt too wide) in paragraph at lines 1824--1824
[]\TU/lmtt/m/n/10 ##  2 CNT   1         "CD45+ CD3-   CD11b+ "                            29.3[] 
 []


Overfull \hbox (59.25pt too wide) in paragraph at lines 1824--1824
[]\TU/lmtt/m/n/10 ##  3 CNT   1         "CD45+ CD3-   CD11b+ CD25+ "                       0.88[] 
 []


Overfull \hbox (59.25pt too wide) in paragraph at lines 1824--1824
[]\TU/lmtt/m/n/10 ##  4 CNT   1         "CD45+ CD3-   CD11b+ CD103+ "                      0.75[] 
 []


Overfull \hbox (59.25pt too wide) in paragraph at lines 1824--1824
[]\TU/lmtt/m/n/10 ##  5 CNT   1         "CD45+ CD3-   CD11b+ gamma_delta "                 4.77[] 
 []


Overfull \hbox (54.0pt too wide) in paragraph at lines 1824--1824
[]\TU/lmtt/m/n/10 ##  6 CNT   1         "CD45+ CD3-   CD11b+ NKp46+ "                      7.3[] 
 []


Overfull \hbox (59.25pt too wide) in paragraph at lines 1824--1824
[]\TU/lmtt/m/n/10 ##  7 CNT   1         "CD45+ CD3-   CD11b+ CD11c+  CD64- "               3.65[] 
 []


Overfull \hbox (54.0pt too wide) in paragraph at lines 1824--1824
[]\TU/lmtt/m/n/10 ##  8 CNT   1         "CD45+ CD3-   CD11b+ CD11c-  CD64- "              24.3[] 
 []


Overfull \hbox (59.25pt too wide) in paragraph at lines 1824--1824
[]\TU/lmtt/m/n/10 ##  9 CNT   1         "CD45+ CD3-   CD11b+ CD86-  CD64+ "                0.43[] 
 []


Overfull \hbox (59.25pt too wide) in paragraph at lines 1824--1824
[]\TU/lmtt/m/n/10 ## 10 CNT   1         "CD45+ CD3-   CD11b+ CD86+  CD64+ "                0.85[] 
 []

[46] [47]
File: csu-impactb_files/figure-latex/unnamed-chunk-44-1.pdf Graphic file (type pdf)
<use csu-impactb_files/figure-latex/unnamed-chunk-44-1.pdf>

Underfull \vbox (badness 10000) has occurred while \output is active []

[48] [49]
No file csu-impactb.bbl.

Package natbib Warning: There were undefined citations.

[50] (./csu-impactb.aux)

LaTeX Warning: Label(s) may have changed. Rerun to get cross-references right.


Package rerunfilecheck Warning: File `csu-impactb.out' has changed.
(rerunfilecheck)                Rerun to get outlines right
(rerunfilecheck)                or use package `bookmark'.

Package rerunfilecheck Info: Checksums for `csu-impactb.out':
(rerunfilecheck)             Before: <no file>
(rerunfilecheck)             After:  F18F80166C95ADC2DD8D75A4ADF12253;5932.
 ) 
Here is how much of TeX's memory you used:
 17561 strings out of 478126
 323604 string characters out of 5852414
 792501 words of memory out of 5000000
 37987 multiletter control sequences out of 15000+600000
 475734 words of font info for 84 fonts, out of 8000000 for 9000
 14 hyphenation exceptions out of 8191
 86i,6n,121p,880b,476s stack positions out of 10000i,1000n,20000p,200000b,200000s

Output written on csu-impactb.pdf (50 pages).
